<?xml version="1.0" encoding="UTF-8"?>
<!-- Generated by org.testng.reporters.JUnitReportReporter -->
<testsuite hostname="DESKTOP-IOOF160" failures="0" tests="6" name="Automation.MyTestCases" time="4.545" errors="0" timestamp="2025-09-11T18:57:30 EET" skipped="5">
  <testcase classname="Automation.MyTestCases" name="AddItemToThecart1" time="4.545"/>
  <testcase classname="Automation.MyTestCases" name="Signup">
    <skipped/>
  </testcase> <!-- Signup -->
  <testcase classname="Automation.MyTestCases" name="LogoutTest">
    <skipped/>
  </testcase> <!-- LogoutTest -->
  <testcase classname="Automation.MyTestCases" name="Login">
    <skipped/>
  </testcase> <!-- Login -->
  <testcase classname="Automation.MyTestCases" name="AddItemToThecart">
    <skipped/>
  </testcase> <!-- AddItemToThecart -->
  <testcase classname="Automation.MyTestCases" name="Logout">
    <skipped/>
  </testcase> <!-- Logout -->
</testsuite> <!-- Automation.MyTestCases -->
