<?xml version="1.0" encoding="UTF-8"?>
<!-- Generated by org.testng.reporters.JUnitReportReporter -->
<testsuite hostname="DESKTOP-IOOF160" failures="0" tests="3" name="task.AddRandomItem" time="0.701" errors="0" timestamp="2025-09-06T20:26:57 EET" skipped="1">
  <testcase classname="task.AddRandomItem" name="LoginWithNoramlUser" time="0.390"/>
  <testcase classname="task.AddRandomItem" name="AddthreeRandomItem" time="0.311"/>
  <testcase classname="task.AddRandomItem" name="AddRandomItem">
    <skipped/>
  </testcase> <!-- AddRandomItem -->
</testsuite> <!-- task.AddRandomItem -->
