<?xml version="1.0" encoding="UTF-8"?>
<!-- Generated by org.testng.reporters.JUnitReportReporter -->
<testsuite hostname="DESKTOP-IOOF160" failures="0" tests="12" name="Automation.MyTestCases" time="23.725" errors="0" timestamp="2025-09-16T18:21:15 EET" skipped="7">
  <testcase classname="Automation.MyTestCases" name="trytoadditem" time="4.292"/>
  <testcase classname="Automation.MyTestCases" name="trytoadditem" time="4.216"/>
  <testcase classname="Automation.MyTestCases" name="trytoadditem" time="5.102"/>
  <testcase classname="Automation.MyTestCases" name="trytoadditem" time="6.335"/>
  <testcase classname="Automation.MyTestCases" name="trytoadditem" time="3.780"/>
  <testcase classname="Automation.MyTestCases" name="LogoutTest">
    <skipped/>
  </testcase> <!-- LogoutTest -->
  <testcase classname="Automation.MyTestCases" name="Logout">
    <skipped/>
  </testcase> <!-- Logout -->
  <testcase classname="Automation.MyTestCases" name="AddItemToThecart12">
    <skipped/>
  </testcase> <!-- AddItemToThecart12 -->
  <testcase classname="Automation.MyTestCases" name="AddItemToThecart">
    <skipped/>
  </testcase> <!-- AddItemToThecart -->
  <testcase classname="Automation.MyTestCases" name="Signup">
    <skipped/>
  </testcase> <!-- Signup -->
  <testcase classname="Automation.MyTestCases" name="AddItemToThecart1">
    <skipped/>
  </testcase> <!-- AddItemToThecart1 -->
  <testcase classname="Automation.MyTestCases" name="Login">
    <skipped/>
  </testcase> <!-- Login -->
</testsuite> <!-- Automation.MyTestCases -->
